#
# There is insufficient memory for the Java Runtime Environment to continue.
# Native memory allocation (mmap) failed to map 67108864 bytes for Failed to commit area from 0x00000000fc000000 to 0x0000000100000000 of length 67108864.
# Possible reasons:
#   The system is out of physical RAM or swap space
#   The process is running with CompressedOops enabled, and the Java Heap may be blocking the growth of the native heap
# Possible solutions:
#   Reduce memory load on the system
#   Increase physical memory or swap space
#   Check if swap backing store is full
#   Decrease Java heap size (-Xmx/-Xms)
#   Decrease number of Java threads
#   Decrease Java thread stack sizes (-Xss)
#   Set larger code cache with -XX:ReservedCodeCacheSize=
# This output file may be truncated or incomplete.
#
#  Out of Memory Error (t:/workspace/open/src/hotspot/os/windows/os_windows.cpp:3269), pid=8416, tid=12684
#
# JRE version:  (11.0.2+9) (build )
# Java VM: OpenJDK 64-Bit Server VM (11.0.2+9, mixed mode, aot, sharing, tiered, compressed oops, g1 gc, windows-amd64)
# No core dump will be written. Minidumps are not enabled by default on client versions of Windows
#

---------------  S U M M A R Y ------------

Command Line: -Xmx64m -Xms64m -Dorg.gradle.appname=gradlew org.gradle.wrapper.GradleWrapperMain app:installDebug -PreactNativeDevServerPort=8081

Host: Intel(R) Core(TM) i5-4200U CPU @ 1.60GHz, 4 cores, 3G,  Windows 10 , 64 bit Build 19041 (10.0.19041.4597)
Time: Sun Jun 30 12:39:05 2024 Pakistan Standard Time elapsed time: 0 seconds (0d 0h 0m 0s)

---------------  T H R E A D  ---------------

Current thread (0x000001aee3a1a000):  JavaThread "Unknown thread" [_thread_in_vm, id=12684, stack(0x0000000612200000,0x0000000612300000)]

Stack: [0x0000000612200000,0x0000000612300000]
Native frames: (J=compiled Java code, j=interpreted, Vv=VM code, C=native code)
V  [jvm.dll+0x63489a]
V  [jvm.dll+0x771f9f]
V  [jvm.dll+0x773648]
V  [jvm.dll+0x773d03]
V  [jvm.dll+0x25eba8]
V  [jvm.dll+0x631d3a]
V  [jvm.dll+0x626775]
V  [jvm.dll+0x313ffc]
V  [jvm.dll+0x313e82]
V  [jvm.dll+0x3196e6]
V  [jvm.dll+0x36579f]
V  [jvm.dll+0x3651c0]
V  [jvm.dll+0x2f0ff8]
V  [jvm.dll+0x2f2156]
V  [jvm.dll+0x74b4f7]
V  [jvm.dll+0x74cc3f]
V  [jvm.dll+0x372609]
V  [jvm.dll+0x731b69]
V  [jvm.dll+0x3e1bad]
V  [jvm.dll+0x3e3e81]
C  [java.exe+0x3607]
C  [java.exe+0x1746c]
C  [KERNEL32.DLL+0x17374]
C  [ntdll.dll+0x4cc91]


---------------  P R O C E S S  ---------------

Threads class SMR info:
_java_thread_list=0x000001aee20b18f0, length=0, elements={
}

Java Threads: ( => current thread )

Other Threads:
  0x000001aee3a30800 GCTaskThread "GC Thread#0" [stack: 0x0000000612300000,0x0000000612400000] [id=9300]
  0x000001aee3a36000 ConcurrentGCThread "G1 Main Marker" [stack: 0x0000000612400000,0x0000000612500000] [id=10400]
  0x000001aee3a38800 ConcurrentGCThread "G1 Conc#0" [stack: 0x0000000612500000,0x0000000612600000] [id=6784]

[error occurred during error reporting (printing all threads), id 0xc0000005, EXCEPTION_ACCESS_VIOLATION (0xc0000005) at pc=0x00007ffe449af5b7]

VM state:not at safepoint (not fully initialized)

VM Mutex/Monitor currently owned by a thread:  ([mutex/lock_event])
[0x000001aee3a164c0] Heap_lock - owner thread: 0x000001aee3a1a000

Heap address: 0x00000000fc000000, size: 64 MB, Compressed Oops mode: Non-zero based: 0x00000000fc000000
Narrow klass base: 0x0000000000000000, Narrow klass shift: 0

GC Heap History (0 events):
No events

Deoptimization events (0 events):
No events

Classes redefined (0 events):
No events

Internal exceptions (0 events):
No events

Events (0 events):
No events


Dynamic libraries:
0x00007ff7fc7a0000 - 0x00007ff7fc7e5000 	C:\Users\Pc world\AppData\Local\jdk-11.0.2\bin\java.exe
0x00007ffed83b0000 - 0x00007ffed85a8000 	C:\Windows\SYSTEM32\ntdll.dll
0x00007ffed7f00000 - 0x00007ffed7fc1000 	C:\Windows\System32\KERNEL32.DLL
0x00007ffed5fa0000 - 0x00007ffed6296000 	C:\Windows\System32\KERNELBASE.dll
0x00007ffed7830000 - 0x00007ffed79cf000 	C:\Windows\System32\USER32.dll
0x00007ffed5ce0000 - 0x00007ffed5d02000 	C:\Windows\System32\win32u.dll
0x00007ffed7fe0000 - 0x00007ffed800b000 	C:\Windows\System32\GDI32.dll
0x00007ffed5d10000 - 0x00007ffed5e27000 	C:\Windows\System32\gdi32full.dll
0x00007ffed5a60000 - 0x00007ffed5afd000 	C:\Windows\System32\msvcp_win.dll
0x00007ffed5e30000 - 0x00007ffed5f30000 	C:\Windows\System32\ucrtbase.dll
0x00007ffec3c90000 - 0x00007ffec3f2a000 	C:\Windows\WinSxS\amd64_microsoft.windows.common-controls_6595b64144ccf1df_6.0.19041.4355_none_60b8b9eb71f62e16\COMCTL32.dll
0x00007ffed79d0000 - 0x00007ffed7a6e000 	C:\Windows\System32\msvcrt.dll
0x00007ffed7ba0000 - 0x00007ffed7bcf000 	C:\Windows\System32\IMM32.DLL
0x00007ffec0a30000 - 0x00007ffec0a46000 	C:\Users\Pc world\AppData\Local\jdk-11.0.2\bin\vcruntime140.dll
0x00007ffe9d970000 - 0x00007ffe9da1a000 	C:\Users\Pc world\AppData\Local\jdk-11.0.2\bin\msvcp140.dll
0x00007ffe446b0000 - 0x00007ffe451d3000 	C:\Users\Pc world\AppData\Local\jdk-11.0.2\bin\server\jvm.dll
0x00007ffed8190000 - 0x00007ffed8240000 	C:\Windows\System32\ADVAPI32.dll
0x00007ffed80f0000 - 0x00007ffed8190000 	C:\Windows\System32\sechost.dll
0x00007ffed7a70000 - 0x00007ffed7b93000 	C:\Windows\System32\RPCRT4.dll
0x00007ffed5b00000 - 0x00007ffed5b27000 	C:\Windows\System32\bcrypt.dll
0x00007ffed7360000 - 0x00007ffed7368000 	C:\Windows\System32\PSAPI.DLL
0x00007ffe95a00000 - 0x00007ffe95a09000 	C:\Windows\SYSTEM32\WSOCK32.dll
0x00007ffed7c30000 - 0x00007ffed7c9b000 	C:\Windows\System32\WS2_32.dll
0x00007ffec3b00000 - 0x00007ffec3b27000 	C:\Windows\SYSTEM32\WINMM.dll
0x00007ffec5270000 - 0x00007ffec527a000 	C:\Windows\SYSTEM32\VERSION.dll
0x00007ffed37c0000 - 0x00007ffed37d2000 	C:\Windows\SYSTEM32\kernel.appcore.dll
0x00007ffec0a10000 - 0x00007ffec0a21000 	C:\Users\Pc world\AppData\Local\jdk-11.0.2\bin\verify.dll
0x00007ffec3f30000 - 0x00007ffec4114000 	C:\Windows\SYSTEM32\DBGHELP.DLL
0x00007ffec39f0000 - 0x00007ffec3a24000 	C:\Windows\SYSTEM32\dbgcore.DLL
0x00007ffed62a0000 - 0x00007ffed6322000 	C:\Windows\System32\bcryptPrimitives.dll
0x00007ffebe7a0000 - 0x00007ffebe7c8000 	C:\Users\Pc world\AppData\Local\jdk-11.0.2\bin\java.dll
0x00007ffebb430000 - 0x00007ffebb446000 	C:\Users\Pc world\AppData\Local\jdk-11.0.2\bin\zip.dll
0x00007ffed0850000 - 0x00007ffed085a000 	C:\Users\Pc world\AppData\Local\jdk-11.0.2\bin\jimage.dll

dbghelp: loaded successfully - version: 4.0.5 - missing functions: none
symbol engine: initialized successfully - sym options: 0x614 - pdb path: .;C:\Users\Pc world\AppData\Local\jdk-11.0.2\bin;C:\Windows\SYSTEM32;C:\Windows\WinSxS\amd64_microsoft.windows.common-controls_6595b64144ccf1df_6.0.19041.4355_none_60b8b9eb71f62e16;C:\Users\Pc world\AppData\Local\jdk-11.0.2\bin\server

VM Arguments:
jvm_args: -Xmx64m -Xms64m -Dorg.gradle.appname=gradlew 
java_command: org.gradle.wrapper.GradleWrapperMain app:installDebug -PreactNativeDevServerPort=8081
java_class_path (initial): C:\Users\Pc world\Desktop\DMS MAIN\frontend\android\\gradle\wrapper\gradle-wrapper.jar
Launcher Type: SUN_STANDARD

[Global flags]
     intx CICompilerCount                          = 3                                         {product} {ergonomic}
     uint ConcGCThreads                            = 1                                         {product} {ergonomic}
     uint G1ConcRefinementThreads                  = 4                                         {product} {ergonomic}
   size_t G1HeapRegionSize                         = 1048576                                   {product} {ergonomic}
    uintx GCDrainStackTargetSize                   = 64                                        {product} {ergonomic}
   size_t InitialHeapSize                          = 67108864                                  {product} {command line}
   size_t MarkStackSize                            = 4194304                                   {product} {ergonomic}
   size_t MaxHeapSize                              = 67108864                                  {product} {command line}
   size_t MinHeapDeltaBytes                        = 1048576                                   {product} {ergonomic}
    uintx NonNMethodCodeHeapSize                   = 5830092                                {pd product} {ergonomic}
    uintx NonProfiledCodeHeapSize                  = 122914074                              {pd product} {ergonomic}
    uintx ProfiledCodeHeapSize                     = 122914074                              {pd product} {ergonomic}
    uintx ReservedCodeCacheSize                    = 251658240                              {pd product} {ergonomic}
     bool SegmentedCodeCache                       = true                                      {product} {ergonomic}
     bool UseCompressedClassPointers               = true                                 {lp64_product} {ergonomic}
     bool UseCompressedOops                        = true                                 {lp64_product} {ergonomic}
     bool UseG1GC                                  = true                                      {product} {ergonomic}
     bool UseLargePagesIndividualAllocation        = false                                  {pd product} {ergonomic}

Logging:
Log output configuration:
 #0: stdout all=warning uptime,level,tags
 #1: stderr all=off uptime,level,tags

Environment Variables:
JAVA_HOME=C:\Users\Pc world\AppData\Local\jdk-11.0.2
CLASSPATH=C:\Users\Pc world\Desktop\DMS MAIN\frontend\android\\gradle\wrapper\gradle-wrapper.jar
PATH=C:\Program Files\Common Files\Oracle\Java\javapath;C:\Program Files\OpenLogic\jdk-21.0.3.1-hotspot\bin;C:\Program Files\Microsoft\jdk-17.0.10.7-hotspot\bin;C:\Python312\Scripts\;C:\Python312\;C:\Windows\system32;C:\Windows;C:\Windows\System32\Wbem;C:\Windows\System32\WindowsPowerShell\v1.0\;C:\Windows\System32\OpenSSH\;C:\ProgramData\chocolatey\bin;C:\MinGW\bin;C:\Program Files\Git\cmd;C:\Program Files\Git\mingw64\bin;C:\Program Files\Git\usr\bin;C:\Program Files\nodejs\;C:\Users\Pc world\AppData\Local\Android\Sdk;C:\Users\Pc world\AppData\Local\Android\Sdk\platform-tools;C:\scrcpy;C:\Users\Pc world\AppData\Local\jdk-11.0.2\bin;C:\Users\Pc world\AppData\Local\Microsoft\WindowsApps;C:\Users\Pc world\AppData\Local\Programs\Microsoft VS Code\bin;C:\Users\Pc world\AppData\Roaming\npm;C:\Users\Pc world\AppData\Local\Android\Sdk\platform-tools;C:\Users\Pc world\AppData\Local\Android\Sdk;C:\Users\Pc world\AppData\Local\Android\Sdk\emulator;C:\Users\Pc world\AppData\Local\Android\Sdk\tools;C:\Users\Pc world\AppData\Local\Android\Sdk\tools\bin;
USERNAME=Pc world
OS=Windows_NT
PROCESSOR_IDENTIFIER=Intel64 Family 6 Model 69 Stepping 1, GenuineIntel



---------------  S Y S T E M  ---------------

OS: Windows 10 , 64 bit Build 19041 (10.0.19041.4597)

CPU:total 4 (initial active 4) (2 cores per cpu, 2 threads per core) family 6 model 69 stepping 1, cmov, cx8, fxsr, mmx, sse, sse2, sse3, ssse3, sse4.1, sse4.2, popcnt, avx, avx2, aes, clmul, erms, lzcnt, ht, tsc, tscinvbit, bmi1, bmi2, fma

Memory: 4k page, system-wide physical 4017M (330M free)
TotalPageFile size 9864M (AvailPageFile size 47M)
current process WorkingSet (physical memory assigned to process): 9M, peak: 9M
current process commit charge ("private bytes"): 51M, peak: 115M

vm_info: OpenJDK 64-Bit Server VM (11.0.2+9) for windows-amd64 JRE (11.0.2+9), built on Jan 18 2019 05:23:22 by "mach5one" with MS VC++ 15.5 (VS2017)

END.
